Common/build/intermediates/manifest_merge_blame_file/release/manifest-merger-blame-release-report.txt
1<?xml version="1.0" encoding="utf-8"?>
2<manifest xmlns:android="http://schemas.android.com/apk/res/android"
3    xmlns:tools="http://schemas.android.com/tools"
4    package="com.sunmnet.mediaroom.common" >
5
6    <uses-sdk
7        android:minSdkVersion="21"
7-->src/main/AndroidManifest.xml
8        android:targetSdkVersion="30" />
8-->src/main/AndroidManifest.xml
9
10    <uses-permission android:name="android.permission.REBOOT" />
10-->src/main/AndroidManifest.xml:5:5-65
10-->src/main/AndroidManifest.xml:5:22-62
11
12    <application>
12-->src/main/AndroidManifest.xml:6:5-8:19
13        <service android:name="com.sunmnet.mediaroom.common.service.BellService" />
13-->src/main/AndroidManifest.xml:7:9-84
13-->src/main/AndroidManifest.xml:7:18-81
14    </application>
15
16</manifest>